Category:Articles	296.320809328081
United States	220.6156351340404
France	199.894320469056
Category:Living people	134.07293563064758
Category:Social sciences	132.6840582674764
Category:Contents	124.63022100669068
Category:People	124.60129429759841
Category:Science	109.04298873314707
Category:Everyday life	92.64700397412297
Category:Culture	83.32775714832651
Japan	81.48185866517558
Category:Humanities	64.8140265301959
Category:European countries	64.42677376492118
Category:States of the United States	61.505330957216174
Category:Society	61.48485411679789
England	56.0412192086408
Europe	55.158316632802055
Sweden	49.62602193273601
United Kingdom	48.078503581763485
List of Internet top-level domains	46.71425983134463
Pakistan	44.869178339029645
Category:Categories by nationality	44.0244716510519
Germany	43.93434916087676
India	43.73264356127664
Category:Wikipedia templates	40.268812710706705
Category:Biology	38.12518225190161
Australia	37.56444470649132
London	36.74755865816275
Category:Politics	34.5646797072913
Italy	34.25320660893444
Canada	34.1483978594085
Category:Natural sciences	32.60256102422115
Category:Scientific disciplines	32.469978159888484
Category:Entertainment	30.72092397276928
Spain	30.10262854175715
Animal	29.899951853821143
Category:Countries by continent	29.466191112449422
World War II	28.894216477031655
New York City	28.301486182409647
Category:Administrative regions of France	28.105677994349325
Russia	27.757885006786296
California	27.628374897602445
Category:Sports	27.456799760394215
Brazil	27.15568610495839
Switzerland	26.78642426492523
Category:Computing	26.064364048601558
Iowa	25.900199929813823
Category:People by occupation	24.768736188450834
Category:Asian countries	24.294170694078645
Category:Landforms	24.07441724915659
China	24.072508776963545
Pays de la Loire	23.867056260827972
Islam	23.39584183133529
Category:American movie actors	23.233000809188255
Category:Cities in Iowa	22.97596764087251
Paris	22.44167380798823
Asia	22.43601628132659
Africa	22.132754495502056
List of popes	21.765561286620162
Illinois	21.63134736412486
Category:Continents	21.54417804613005
Category:American television actors	21.466563546267405
Scotland	21.11097130956323
Category:North American countries	21.102671624977873
Category:Categories by genre	21.09870771286097
Category:Subtemplates of Template Infobox road	20.931359065276816
New York	20.68214673168393
North America	19.877883176810734
Category:Highway infobox templates	19.34948320964986
Nord-Pas-de-Calais	19.2952795770043
Category:Categories by continent	19.098950592044904
Category:Communication	19.020973566711564
Category:Physics	18.554783896564523
Category:Language	18.402910429117785
Pas-de-Calais	18.303380110342662
Category:Economics	18.275150128916035
Category:Leisure	18.097271391889137
Romania	18.086518189604718
Florida	18.069744247798294
Category:Movies by genre	17.89460384572559
Category:Religion	17.862335287487962
Category:Games	17.83364577342552
Picardie	17.74800863044408
World War I	17.670812582225487
Rhône-Alpes	17.591098905489282
Los Angeles	17.207018269861912
Category:Mathematics	17.176506267352302
2006	17.11643143239001
Category:Technology	16.97240134609015
Chicago	16.867867035629708
Aisne	16.86450977308429
Category:Government	16.849569856559913
Picardy	16.84847312428498
Category:Nature	16.838865990860945
European Union	16.803595242920267
Category:England	16.687059977637343
Basse-Normandie	16.667291146414495
Mexico	16.597247401810634
Category:Regions of England	16.568317648238263
Category:Literature	16.56357459921919
